19:56:54.152  629  DEBUG fr.sparna.rdf.xls2rdf.app.Convert - Will use output format : text/turtle
19:56:54.155  632  DEBUG fr.sparna.rdf.xls2rdf.app.Convert - Will use ModelWriter : fr.sparna.rdf.xls2rdf.OutputStreamModelWriter
19:56:54.809  1286 DEBUG f.s.rdf.xls2rdf.Xls2RdfConverter - Processing sheet: controlled-terminology
19:56:54.813  1290 INFO  f.sparna.rdf.xls2rdf.RdfizableSheet - Found proper property in header : https://www.ieawindtask43.org/ontoforge/reliawind-taxonomy-wt-components/
19:56:54.814  1291 INFO  f.sparna.rdf.xls2rdf.RdfizableSheet - Found proper property in header : http://purl.org/pav/
19:56:54.814  1291 INFO  f.sparna.rdf.xls2rdf.RdfizableSheet - Found proper property in header : http://purl.org/dc/terms/
19:56:54.815  1292 INFO  f.sparna.rdf.xls2rdf.RdfizableSheet - Found proper property in header : https://orcid.org/0000-0002-6570-6966
19:56:54.815  1292 INFO  f.sparna.rdf.xls2rdf.RdfizableSheet - Found proper property in header : https://orcid.org/0000-0002-6570-6966
19:56:54.817  1294 INFO  f.sparna.rdf.xls2rdf.RdfizableSheet - Found proper property in header : http://www.w3.org/2004/02/skos/core#prefLabel
19:56:54.817  1294 INFO  f.sparna.rdf.xls2rdf.RdfizableSheet - Found proper property in header : http://www.w3.org/2004/02/skos/core#definition
19:56:54.818  1295 INFO  f.sparna.rdf.xls2rdf.RdfizableSheet - Found proper property in header : http://www.w3.org/2004/02/skos/core#altLabel
19:56:54.818  1295 INFO  f.sparna.rdf.xls2rdf.RdfizableSheet - Found proper property in header : http://www.w3.org/2004/02/skos/core#broader
19:56:54.818  1295 INFO  f.sparna.rdf.xls2rdf.RdfizableSheet - Found proper property in header : http://www.w3.org/2004/02/skos/core#exactMatch
19:56:54.818  1295 INFO  f.sparna.rdf.xls2rdf.RdfizableSheet - Found proper property in header : http://purl.org/dc/terms/creator
19:56:54.818  1295 INFO  f.sparna.rdf.xls2rdf.RdfizableSheet - Found proper property in header : http://purl.org/dc/terms/contributor
19:56:54.819  1296 INFO  f.sparna.rdf.xls2rdf.RdfizableSheet - Found proper property in header : http://www.w3.org/2004/02/skos/core#editorialNote
19:56:54.819  1296 INFO  f.sparna.rdf.xls2rdf.RdfizableSheet - Found at least 2 headers with proper property declaration in the first 10 columns, title row is at index 19
19:56:54.819  1296 DEBUG f.s.rdf.xls2rdf.Xls2RdfConverter - Found title row at index 19
19:56:54.821  1298 DEBUG f.s.rdf.xls2rdf.Xls2RdfConverter - Adding value on header object "Reliawind Taxonomy of Wind Turbine Components" with lang en
19:56:54.822  1299 DEBUG f.s.rdf.xls2rdf.Xls2RdfConverter - Adding value on header object "Reliawind Taxonomy of Wind Turbine Components" with lang en
19:56:54.823  1300 DEBUG f.s.rdf.xls2rdf.Xls2RdfConverter - Adding value on header object "A taxonomical organization of wind turbine compenents used within Reliawind project." with lang en
19:56:54.823  1300 DEBUG f.s.rdf.xls2rdf.Xls2RdfConverter - Adding value on header object "https://orcid.org/0000-0002-6570-6966" with lang en
19:56:54.823  1300 DEBUG f.s.rdf.xls2rdf.Xls2RdfConverter - Adding value on header object "https://orcid.org/0000-0002-6570-6966" with lang en
19:56:54.824  1301 DEBUG f.s.rdf.xls2rdf.Xls2RdfConverter - Adding value on header object "2022-05-22T18:00:00+03:00" with lang en
19:56:54.824  1301 DEBUG f.s.rdf.xls2rdf.Xls2RdfConverter - Adding value on header object "2022-05-22T19:00:00+03:00" with lang en
19:56:54.824  1301 DEBUG f.s.rdf.xls2rdf.Xls2RdfConverter - Adding value on header object "0.0.1" with lang en
19:56:54.824  1301 ERROR f.s.rdf.xls2rdf.ColumnHeaderParser - Unsuccessfull parsing of header parameters for header 'Replace cells B1, B2 and C2, and B5 through B12; B11 and B12 should be updated with every modification). (As well as these comments, if desired.)', Exception is java.lang.ArrayIndexOutOfBoundsException : Index 1 out of bounds for length 1
19:56:54.825  1302 DEBUG f.s.rdf.xls2rdf.Xls2RdfConverter - Converting data with these column headers: 
19:56:54.825  1302 DEBUG f.s.rdf.xls2rdf.Xls2RdfConverter - ColumnHeader [originalValue=Identifier, language=Optional.empty, datatype=Optional.empty, property=null, declaredProperty=Identifier, inverse=false, parameters={}, id=null, reconcileOn=null, headerCell=Identifier]
19:56:54.826  1303 DEBUG f.s.rdf.xls2rdf.Xls2RdfConverter - ColumnHeader [originalValue=skos:prefLabel@en, language=Optional[en], datatype=Optional.empty, property=http://www.w3.org/2004/02/skos/core#prefLabel, declaredProperty=skos:prefLabel, inverse=false, parameters={}, id=null, reconcileOn=null, headerCell=skos:prefLabel@en]
19:56:54.827  1304 DEBUG f.s.rdf.xls2rdf.Xls2RdfConverter - ColumnHeader [originalValue=skos:definition@en, language=Optional[en], datatype=Optional.empty, property=http://www.w3.org/2004/02/skos/core#definition, declaredProperty=skos:definition, inverse=false, parameters={}, id=null, reconcileOn=null, headerCell=skos:definition@en]
19:56:54.827  1304 DEBUG f.s.rdf.xls2rdf.Xls2RdfConverter - ColumnHeader [originalValue=skos:altLabel(separator=","), language=Optional.empty, datatype=Optional.empty, property=http://www.w3.org/2004/02/skos/core#altLabel, declaredProperty=skos:altLabel, inverse=false, parameters={separator=,}, id=null, reconcileOn=null, headerCell=skos:altLabel(separator=",")]
19:56:54.827  1304 DEBUG f.s.rdf.xls2rdf.Xls2RdfConverter - ColumnHeader [originalValue=skos:broader(separator=","), language=Optional.empty, datatype=Optional.empty, property=http://www.w3.org/2004/02/skos/core#broader, declaredProperty=skos:broader, inverse=false, parameters={separator=,}, id=null, reconcileOn=null, headerCell=skos:broader(separator=",")]
19:56:54.827  1304 DEBUG f.s.rdf.xls2rdf.Xls2RdfConverter - ColumnHeader [originalValue=skos:exactMatch(separator=","), language=Optional.empty, datatype=Optional.empty, property=http://www.w3.org/2004/02/skos/core#exactMatch, declaredProperty=skos:exactMatch, inverse=false, parameters={separator=,}, id=null, reconcileOn=null, headerCell=skos:exactMatch(separator=",")]
19:56:54.827  1304 DEBUG f.s.rdf.xls2rdf.Xls2RdfConverter - ColumnHeader [originalValue=dct:creator(separator=","), language=Optional.empty, datatype=Optional.empty, property=http://purl.org/dc/terms/creator, declaredProperty=dct:creator, inverse=false, parameters={separator=,}, id=null, reconcileOn=null, headerCell=dct:creator(separator=",")]
19:56:54.827  1304 DEBUG f.s.rdf.xls2rdf.Xls2RdfConverter - ColumnHeader [originalValue=dct:contributor(separator=","), language=Optional.empty, datatype=Optional.empty, property=http://purl.org/dc/terms/contributor, declaredProperty=dct:contributor, inverse=false, parameters={separator=,}, id=null, reconcileOn=null, headerCell=dct:contributor(separator=",")]
19:56:54.827  1304 DEBUG f.s.rdf.xls2rdf.Xls2RdfConverter - ColumnHeader [originalValue=skos:editorialNote@en, language=Optional[en], datatype=Optional.empty, property=http://www.w3.org/2004/02/skos/core#editorialNote, declaredProperty=skos:editorialNote, inverse=false, parameters={}, id=null, reconcileOn=null, headerCell=skos:editorialNote@en]
19:56:54.827  1304 INFO  f.s.rdf.xls2rdf.Xls2RdfConverter - Converting rows...
19:56:54.904  1381 INFO  f.s.rdf.xls2rdf.Xls2RdfConverter - Applying SKOS post-processings on the result
19:56:54.905  1382 DEBUG f.s.rdf.xls2rdf.SkosPostProcessor - Postprocessing : SkosPostProcessor
19:56:54.906  1383 DEBUG f.s.rdf.xls2rdf.SkosPostProcessor - Considering main resource like a ConceptScheme.
19:56:54.911  1388 DEBUG f.s.rdf.xls2rdf.SkosPostProcessor - Adding inverse skos:broader and skos:narrower
19:56:54.927  1404 DEBUG f.s.rdf.xls2rdf.SkosPostProcessor - Adding skos:inScheme
19:56:54.929  1406 DEBUG f.s.rdf.xls2rdf.SkosPostProcessor - Setting rdf:type skos:ConceptScheme to main resource
19:56:54.930  1407 DEBUG f.s.rdf.xls2rdf.SkosPostProcessor - Adding skos:hasTopConcept / skos:topConceptOf
19:56:54.944  1421 DEBUG f.s.rdf.xls2rdf.Xls2RdfConverter - Saving graph of 1709 statements generated from Sheet controlled-terminology
